<?xml version="1.0" encoding="UTF-8"?>
<!-- Generated by org.testng.reporters.JUnitXMLReporter -->
<testsuite ignored="1" hostname="NPC2" failures="0" tests="1" name="Error Validations Test" time="7.65" errors="0" timestamp="2024-06-06T20:12:16 EDT">
  <testcase classname="rahulshettyacademy.tests.ErrorValidationsTest" name="LoginErorValidation" time="0.833"/>
  <testcase classname="rahulshettyacademy.tests.ErrorValidationsTest" name="ProductErroValidation" time="0.0">
    <ignored/>
  </testcase> <!-- ProductErroValidation -->
</testsuite> <!-- Error Validations Test -->
