<?xml version="1.0" encoding="UTF-8"?>
<!-- Generated by org.testng.reporters.JUnitXMLReporter -->
<testsuite ignored="0" hostname="NPC2" failures="0" tests="2" name="Error Validations Test" time="39.346" errors="0" timestamp="2024-06-14T21:56:29 EDT">
  <testcase classname="rahulshettyacademy.tests.ErrorValidationsTest" name="LoginErorValidation" time="1.103"/>
  <testcase classname="rahulshettyacademy.tests.ErrorValidationsTest" name="ProductErroValidation" time="24.388"/>
</testsuite> <!-- Error Validations Test -->
